[debug] [2017-11-27T01:27:44.912Z] ----------------------------------------------------------------------
[debug] [2017-11-27T01:27:44.917Z] Command:       C:\Program Files\nodejs\node.exe C:\Users\Eric Larson\AppData\Roaming\npm\node_modules\firebase-tools\bin\firebase experimental:functions:shell
[debug] [2017-11-27T01:27:44.918Z] CLI Version:   3.15.2
[debug] [2017-11-27T01:27:44.918Z] Platform:      win32
[debug] [2017-11-27T01:27:44.918Z] Node Version:  v6.11.3
[debug] [2017-11-27T01:27:44.919Z] Time:          Sun Nov 26 2017 19:27:44 GMT-0600 (Central Standard Time)
[debug] [2017-11-27T01:27:44.919Z] ----------------------------------------------------------------------
[debug] 
[debug] [2017-11-27T01:27:44.938Z] > command requires scopes: ["email","openid","https://www.googleapis.com/auth/cloudplatformprojects.readonly","https://www.googleapis.com/auth/firebase","https://www.googleapis.com/auth/cloud-platform"]
[debug] [2017-11-27T01:27:44.938Z] > authorizing via signed-in user
[debug] [2017-11-27T01:27:44.941Z] >>> HTTP REQUEST GET https://admin.firebase.com/v1/projects/budget-app-dev  
 Sun Nov 26 2017 19:27:44 GMT-0600 (Central Standard Time)
[debug] [2017-11-27T01:27:45.634Z] <<< HTTP RESPONSE 200
[debug] [2017-11-27T01:27:45.635Z] >>> HTTP REQUEST GET https://admin.firebase.com/v1/database/budget-app-dev/tokens  
 Sun Nov 26 2017 19:27:45 GMT-0600 (Central Standard Time)
[debug] [2017-11-27T01:27:46.182Z] <<< HTTP RESPONSE 200
[info] i  functions: Preparing to emulate functions.
[debug] [2017-11-27T01:27:46.646Z] >>> HTTP REQUEST GET https://appengine.googleapis.com/v1/apps/budget-app-dev  
 Sun Nov 26 2017 19:27:46 GMT-0600 (Central Standard Time)
[debug] [2017-11-27T01:27:46.647Z] >>> HTTP REQUEST GET https://apikeys.googleapis.com/v1/projects/budget-app-dev/apiKeys  
 Sun Nov 26 2017 19:27:46 GMT-0600 (Central Standard Time)
[debug] [2017-11-27T01:27:47.315Z] <<< HTTP RESPONSE 200
[debug] [2017-11-27T01:27:47.450Z] <<< HTTP RESPONSE 200
[info] +  functions: api
