[debug] [2017-11-27T02:25:03.265Z] ----------------------------------------------------------------------
[debug] [2017-11-27T02:25:03.272Z] Command:       C:\Program Files\nodejs\node.exe C:\Users\Eric Larson\AppData\Roaming\npm\node_modules\firebase-tools\bin\firebase experimental:functions:shell --debug
[debug] [2017-11-27T02:25:03.274Z] CLI Version:   3.15.2
[debug] [2017-11-27T02:25:03.274Z] Platform:      win32
[debug] [2017-11-27T02:25:03.274Z] Node Version:  v6.11.3
[debug] [2017-11-27T02:25:03.275Z] Time:          Sun Nov 26 2017 20:25:03 GMT-0600 (Central Standard Time)
[debug] [2017-11-27T02:25:03.275Z] ----------------------------------------------------------------------
[debug] 
[debug] [2017-11-27T02:25:03.292Z] > command requires scopes: ["email","openid","https://www.googleapis.com/auth/cloudplatformprojects.readonly","https://www.googleapis.com/auth/firebase","https://www.googleapis.com/auth/cloud-platform"]
[debug] [2017-11-27T02:25:03.293Z] > authorizing via signed-in user
[debug] [2017-11-27T02:25:03.296Z] >>> HTTP REQUEST GET https://admin.firebase.com/v1/projects/budget-app-dev  
 Sun Nov 26 2017 20:25:03 GMT-0600 (Central Standard Time)
[debug] [2017-11-27T02:25:04.386Z] <<< HTTP RESPONSE 200
[debug] [2017-11-27T02:25:04.388Z] >>> HTTP REQUEST GET https://admin.firebase.com/v1/database/budget-app-dev/tokens  
 Sun Nov 26 2017 20:25:04 GMT-0600 (Central Standard Time)
[debug] [2017-11-27T02:25:04.911Z] <<< HTTP RESPONSE 200
[info] i  functions: Preparing to emulate functions.
[debug] [2017-11-27T02:25:05.527Z] >>> HTTP REQUEST GET https://appengine.googleapis.com/v1/apps/budget-app-dev  
 Sun Nov 26 2017 20:25:05 GMT-0600 (Central Standard Time)
[debug] [2017-11-27T02:25:05.528Z] >>> HTTP REQUEST GET https://apikeys.googleapis.com/v1/projects/budget-app-dev/apiKeys  
 Sun Nov 26 2017 20:25:05 GMT-0600 (Central Standard Time)
[debug] [2017-11-27T02:25:06.297Z] <<< HTTP RESPONSE 200
[debug] [2017-11-27T02:25:06.434Z] <<< HTTP RESPONSE 200
[info] +  functions: api
